\BOOKMARK [1][-]{section.1}{Introduzione}{}% 1
\BOOKMARK [2][-]{subsection.1.1}{Scopo del documento}{section.1}% 2
\BOOKMARK [2][-]{subsection.1.2}{Glossario}{section.1}% 3
\BOOKMARK [1][-]{section.2}{Comunicazioni}{}% 4
\BOOKMARK [2][-]{subsection.2.1}{Interne}{section.2}% 5
\BOOKMARK [2][-]{subsection.2.2}{Esterne}{section.2}% 6
\BOOKMARK [1][-]{section.3}{Riunioni}{}% 7
\BOOKMARK [2][-]{subsection.3.1}{Interne}{section.3}% 8
\BOOKMARK [3][-]{subsubsection.3.1.1}{Casi Particolari}{subsection.3.1}% 9
\BOOKMARK [2][-]{subsection.3.2}{Esterne}{section.3}% 10
\BOOKMARK [2][-]{subsection.3.3}{Esito}{section.3}% 11
\BOOKMARK [1][-]{section.4}{???}{}% 12
\BOOKMARK [2][-]{subsection.4.1}{Gestione degli incarichi}{section.4}% 13
\BOOKMARK [1][-]{section.5}{Processi di ingegneria dei requisiti}{}% 14
\BOOKMARK [2][-]{subsection.5.1}{Fattibilit\340}{section.5}% 15
\BOOKMARK [2][-]{subsection.5.2}{Deduzione e analisi dei requisiti}{section.5}% 16
\BOOKMARK [3][-]{subsubsection.5.2.1}{Scoperta dei requisiti}{subsection.5.2}% 17
\BOOKMARK [3][-]{subsubsection.5.2.2}{Classificazone e priorit\340}{subsection.5.2}% 18
\BOOKMARK [3][-]{subsubsection.5.2.3}{Specifica}{subsection.5.2}% 19
\BOOKMARK [3][-]{subsubsection.5.2.4}{Verifica dei requisiti}{subsection.5.2}% 20
\BOOKMARK [2][-]{subsection.5.3}{Validazione dei requisiti}{section.5}% 21
\BOOKMARK [3][-]{subsubsection.5.3.1}{Interna}{subsection.5.3}% 22
\BOOKMARK [3][-]{subsubsection.5.3.2}{Esterna}{subsection.5.3}% 23
\BOOKMARK [2][-]{subsection.5.4}{Gestione delle modifiche ai requisiti}{section.5}% 24
